2025-08-20 23:56:48,667 [INFO] Starting training with args: {'model': 'conformer_lite', 'difficulty': 'hard', 'seed': 3, 'F': 52, 'T': 128, 'num_classes': 8, 'epochs': 60, 'batch': 256, 'n_samples': 3000, 'early_metric': 'macro_f1', 'patience': 10, 'ckpt_dir': 'checkpoints/', 'logit_l2': 0.1, 'sc_corr_rho': 0.8, 'env_burst_rate': 0.2, 'gain_drift_std': 1.0, 'class_overlap': 0.98, 'temp_mode': 'logspace', 'temp_min': 0.2, 'temp_max': 5.0, 'temp_steps': 100, 'val_split': 0.5, 'fixed_temp': 1.0, 'label_noise_prob': 0.25, 'cache_dir': 'cache/synth_data_d5scarce', 'amp': True, 'save_ckpt': 'final', 'num_workers_override': 2, 'prefetch_factor': 2, 'val_every': 3, 'out_json': '../WiFi-CSI-Sensing-Results/results_gpu/d5_2\\paperA_conformer_lite_hard_s3.json', 'log_dir': ''}
2025-08-20 23:56:48,667 [INFO] Logs saved to: E:\WiFi-CSI-Project\WiFi-CSI-Sensing-Results\results_gpu\d5_2\logs\paperA_conformer_lite_hard_s3.log
2025-08-20 23:56:48,705 [INFO] Using device: cuda
2025-08-20 23:56:48,733 [INFO] Dataset: Train=2100, Val=450, Test=450
2025-08-20 23:56:48,733 [INFO] DataLoader: num_workers=2, pin_memory=True
2025-08-20 23:56:49,037 [INFO] Model: conformer_lite with 1721008 params
2025-08-20 23:57:02,818 [INFO] Epoch 3/60 - Val Loss: 3.4256
2025-08-20 23:57:08,358 [INFO] Epoch 5/60 - Train Loss: 0.8867, Val Loss: nan, Val macro_f1: 0.0278, Avg Reg Loss: 0.488269
2025-08-20 23:57:10,728 [INFO] Epoch 6/60 - Val Loss: 0.8034
2025-08-20 23:57:17,308 [INFO] Epoch 9/60 - Val Loss: 0.6634
2025-08-20 23:57:19,486 [INFO] Epoch 10/60 - Train Loss: 0.6176, Val Loss: nan, Val macro_f1: 0.7349, Avg Reg Loss: 0.439284
2025-08-20 23:57:23,902 [INFO] Epoch 12/60 - Val Loss: 0.1417
2025-08-20 23:57:30,732 [INFO] Epoch 15/60 - Val Loss: 0.3782
2025-08-20 23:57:31,043 [INFO] Epoch 15/60 - Train Loss: 0.6206, Val Loss: 0.3782, Val macro_f1: 0.8914, Avg Reg Loss: 0.403474
2025-08-20 23:57:37,511 [INFO] Epoch 18/60 - Val Loss: 0.1828
2025-08-20 23:57:41,775 [INFO] Epoch 20/60 - Train Loss: 0.5679, Val Loss: nan, Val macro_f1: 0.9887, Avg Reg Loss: 0.417533
2025-08-20 23:57:45,288 [INFO] Epoch 21/60 - Val Loss: 0.2397
2025-08-20 23:57:47,665 [INFO] Early stopping at epoch 22
2025-08-20 23:57:47,964 [INFO] Collected test logits and targets
2025-08-20 23:57:48,009 [INFO] Calibration: T=0.7108, Details={'temperature': 0.7107774615287781, 'best_nll': 0.18438436090946198, 'method': 'logspace'}
2025-08-20 23:57:48,139 [INFO] Saved full results to ../WiFi-CSI-Sensing-Results/results_gpu/d5_2\paperA_conformer_lite_hard_s3.json
2025-08-20 23:57:48,152 [INFO] Final model saved to checkpoints/final_conformer_lite_3_hard.pth
2025-08-20 23:57:48,153 [INFO] Updated registry: results\registry.csv
