2025-08-20 22:40:08,848 [INFO] Starting training with args: {'model': 'enhanced', 'difficulty': 'hard', 'seed': 1, 'F': 52, 'T': 128, 'num_classes': 8, 'epochs': 60, 'batch': 256, 'n_samples': 3000, 'early_metric': 'macro_f1', 'patience': 10, 'ckpt_dir': 'checkpoints/', 'logit_l2': 0.1, 'sc_corr_rho': 0.8, 'env_burst_rate': 0.2, 'gain_drift_std': 1.0, 'class_overlap': 0.98, 'temp_mode': 'logspace', 'temp_min': 0.2, 'temp_max': 5.0, 'temp_steps': 100, 'val_split': 0.5, 'fixed_temp': 1.0, 'label_noise_prob': 0.25, 'cache_dir': 'cache/synth_data_d5scarce', 'amp': True, 'save_ckpt': 'final', 'num_workers_override': 2, 'prefetch_factor': 2, 'val_every': 3, 'out_json': '../WiFi-CSI-Sensing-Results/results_gpu/d5_2\\paperA_enhanced_hard_s1.json', 'log_dir': ''}
2025-08-20 22:40:08,849 [INFO] Logs saved to: E:\WiFi-CSI-Project\WiFi-CSI-Sensing-Results\results_gpu\d5_2\logs\paperA_enhanced_hard_s1.log
2025-08-20 22:40:08,877 [INFO] Using device: cuda
2025-08-20 22:40:31,802 [INFO] Dataset: Train=2100, Val=450, Test=450
2025-08-20 22:40:31,802 [INFO] DataLoader: num_workers=2, pin_memory=True
2025-08-20 22:40:31,918 [INFO] Model: enhanced with 640713 params
2025-08-20 22:41:39,460 [INFO] Epoch 3/60 - Val Loss: 3.6107
2025-08-20 22:42:15,042 [INFO] Epoch 5/60 - Train Loss: 0.7541, Val Loss: nan, Val macro_f1: 0.1896, Avg Reg Loss: 0.445783
2025-08-20 22:42:39,412 [INFO] Epoch 6/60 - Val Loss: 0.5790
2025-08-20 22:43:35,968 [INFO] Epoch 9/60 - Val Loss: 0.2358
2025-08-20 22:44:00,462 [INFO] Epoch 10/60 - Train Loss: 0.5805, Val Loss: nan, Val macro_f1: 0.9524, Avg Reg Loss: 0.417800
2025-08-20 22:44:32,793 [INFO] Epoch 12/60 - Val Loss: 0.1570
2025-08-20 22:45:32,618 [INFO] Epoch 15/60 - Val Loss: 0.1494
2025-08-20 22:45:49,183 [INFO] Epoch 15/60 - Train Loss: 0.5892, Val Loss: 0.1494, Val macro_f1: 0.9846, Avg Reg Loss: 0.413444
2025-08-20 22:46:30,147 [INFO] Epoch 18/60 - Val Loss: 0.1512
2025-08-20 22:47:35,278 [INFO] Epoch 20/60 - Train Loss: 0.5468, Val Loss: nan, Val macro_f1: 0.9891, Avg Reg Loss: 0.410682
2025-08-20 22:48:28,259 [INFO] Epoch 21/60 - Val Loss: 0.1302
2025-08-20 22:50:29,296 [INFO] Epoch 24/60 - Val Loss: 0.1120
2025-08-20 22:51:22,049 [INFO] Epoch 25/60 - Train Loss: 0.5292, Val Loss: nan, Val macro_f1: 0.9957, Avg Reg Loss: 0.409714
2025-08-20 22:52:34,956 [INFO] Epoch 27/60 - Val Loss: 0.1498
2025-08-20 22:54:40,542 [INFO] Epoch 30/60 - Val Loss: 0.1905
2025-08-20 22:55:16,875 [INFO] Epoch 30/60 - Train Loss: 0.5308, Val Loss: 0.1905, Val macro_f1: 0.9703, Avg Reg Loss: 0.410886
2025-08-20 22:55:33,279 [INFO] Early stopping at epoch 31
2025-08-20 22:56:09,649 [INFO] Collected test logits and targets
2025-08-20 22:56:09,694 [INFO] Calibration: T=0.2000, Details={'temperature': 0.19999998807907104, 'best_nll': 0.0014865276170894504, 'method': 'logspace'}
2025-08-20 22:56:09,896 [INFO] Saved full results to ../WiFi-CSI-Sensing-Results/results_gpu/d5_2\paperA_enhanced_hard_s1.json
2025-08-20 22:56:09,905 [INFO] Final model saved to checkpoints/final_enhanced_1_hard.pth
2025-08-20 22:56:09,906 [INFO] Updated registry: results\registry.csv
