2025-08-20 23:50:32,403 [INFO] Starting training with args: {'model': 'bilstm', 'difficulty': 'hard', 'seed': 2, 'F': 52, 'T': 128, 'num_classes': 8, 'epochs': 60, 'batch': 256, 'n_samples': 3000, 'early_metric': 'macro_f1', 'patience': 10, 'ckpt_dir': 'checkpoints/', 'logit_l2': 0.1, 'sc_corr_rho': 0.8, 'env_burst_rate': 0.2, 'gain_drift_std': 1.0, 'class_overlap': 0.98, 'temp_mode': 'logspace', 'temp_min': 0.2, 'temp_max': 5.0, 'temp_steps': 100, 'val_split': 0.5, 'fixed_temp': 1.0, 'label_noise_prob': 0.25, 'cache_dir': 'cache/synth_data_d5scarce', 'amp': True, 'save_ckpt': 'final', 'num_workers_override': 2, 'prefetch_factor': 2, 'val_every': 3, 'out_json': '../WiFi-CSI-Sensing-Results/results_gpu/d5_2\\paperA_bilstm_hard_s2.json', 'log_dir': ''}
2025-08-20 23:50:32,403 [INFO] Logs saved to: E:\WiFi-CSI-Project\WiFi-CSI-Sensing-Results\results_gpu\d5_2\logs\paperA_bilstm_hard_s2.log
2025-08-20 23:50:32,429 [INFO] Using device: cuda
2025-08-20 23:50:32,458 [INFO] Dataset: Train=2100, Val=450, Test=450
2025-08-20 23:50:32,458 [INFO] DataLoader: num_workers=2, pin_memory=True
2025-08-20 23:50:32,756 [INFO] Model: bilstm with 583688 params
2025-08-20 23:50:41,055 [INFO] Epoch 3/60 - Val Loss: 1.5624
2025-08-20 23:50:43,186 [INFO] Epoch 5/60 - Train Loss: 1.5922, Val Loss: nan, Val macro_f1: 0.2719, Avg Reg Loss: 0.300798
2025-08-20 23:50:45,260 [INFO] Epoch 6/60 - Val Loss: 1.1791
2025-08-20 23:50:49,789 [INFO] Epoch 9/60 - Val Loss: 1.0687
2025-08-20 23:50:51,881 [INFO] Epoch 10/60 - Train Loss: 1.3937, Val Loss: nan, Val macro_f1: 0.5805, Avg Reg Loss: 0.331268
2025-08-20 23:50:54,410 [INFO] Epoch 12/60 - Val Loss: 1.0939
2025-08-20 23:50:58,515 [INFO] Epoch 15/60 - Val Loss: 0.9818
2025-08-20 23:50:58,575 [INFO] Epoch 15/60 - Train Loss: 1.3649, Val Loss: 0.9818, Val macro_f1: 0.5609, Avg Reg Loss: 0.320742
2025-08-20 23:51:02,797 [INFO] Epoch 18/60 - Val Loss: 1.0655
2025-08-20 23:51:04,372 [INFO] Early stopping at epoch 19
2025-08-20 23:51:04,901 [INFO] Collected test logits and targets
2025-08-20 23:51:04,948 [INFO] Calibration: T=0.8095, Details={'temperature': 0.8094984889030457, 'best_nll': 1.153189778327942, 'method': 'logspace'}
2025-08-20 23:51:05,220 [INFO] Saved full results to ../WiFi-CSI-Sensing-Results/results_gpu/d5_2\paperA_bilstm_hard_s2.json
2025-08-20 23:51:05,226 [INFO] Final model saved to checkpoints/final_bilstm_2_hard.pth
2025-08-20 23:51:05,227 [INFO] Updated registry: results\registry.csv
