2025-08-20 23:06:35,445 [INFO] Starting training with args: {'model': 'enhanced', 'difficulty': 'hard', 'seed': 3, 'F': 52, 'T': 128, 'num_classes': 8, 'epochs': 60, 'batch': 256, 'n_samples': 3000, 'early_metric': 'macro_f1', 'patience': 10, 'ckpt_dir': 'checkpoints/', 'logit_l2': 0.1, 'sc_corr_rho': 0.8, 'env_burst_rate': 0.2, 'gain_drift_std': 1.0, 'class_overlap': 0.98, 'temp_mode': 'logspace', 'temp_min': 0.2, 'temp_max': 5.0, 'temp_steps': 100, 'val_split': 0.5, 'fixed_temp': 1.0, 'label_noise_prob': 0.25, 'cache_dir': 'cache/synth_data_d5scarce', 'amp': True, 'save_ckpt': 'final', 'num_workers_override': 2, 'prefetch_factor': 2, 'val_every': 3, 'out_json': '../WiFi-CSI-Sensing-Results/results_gpu/d5_2\\paperA_enhanced_hard_s3.json', 'log_dir': ''}
2025-08-20 23:06:35,446 [INFO] Logs saved to: E:\WiFi-CSI-Project\WiFi-CSI-Sensing-Results\results_gpu\d5_2\logs\paperA_enhanced_hard_s3.log
2025-08-20 23:06:35,467 [INFO] Using device: cuda
2025-08-20 23:06:58,074 [INFO] Dataset: Train=2100, Val=450, Test=450
2025-08-20 23:06:58,074 [INFO] DataLoader: num_workers=2, pin_memory=True
2025-08-20 23:06:58,359 [INFO] Model: enhanced with 640713 params
2025-08-20 23:08:00,178 [INFO] Epoch 3/60 - Val Loss: 3.3459
2025-08-20 23:08:42,658 [INFO] Epoch 5/60 - Train Loss: 0.6992, Val Loss: nan, Val macro_f1: 0.2489, Avg Reg Loss: 0.437400
2025-08-20 23:09:11,145 [INFO] Epoch 6/60 - Val Loss: 0.3073
2025-08-20 23:10:22,051 [INFO] Epoch 9/60 - Val Loss: 0.1552
2025-08-20 23:10:53,861 [INFO] Epoch 10/60 - Train Loss: 0.5980, Val Loss: nan, Val macro_f1: 0.9821, Avg Reg Loss: 0.426003
2025-08-20 23:11:41,057 [INFO] Epoch 12/60 - Val Loss: 0.1425
2025-08-20 23:12:56,926 [INFO] Epoch 15/60 - Val Loss: 0.1362
2025-08-20 23:13:16,774 [INFO] Epoch 15/60 - Train Loss: 0.5295, Val Loss: 0.1362, Val macro_f1: 0.9932, Avg Reg Loss: 0.409560
2025-08-20 23:14:07,390 [INFO] Epoch 18/60 - Val Loss: 0.1307
2025-08-20 23:14:46,868 [INFO] Epoch 20/60 - Train Loss: 0.5435, Val Loss: nan, Val macro_f1: 0.9932, Avg Reg Loss: 0.410047
2025-08-20 23:15:15,043 [INFO] Epoch 21/60 - Val Loss: 0.1208
2025-08-20 23:16:23,064 [INFO] Epoch 24/60 - Val Loss: 0.1323
2025-08-20 23:16:54,079 [INFO] Epoch 25/60 - Train Loss: 0.5294, Val Loss: nan, Val macro_f1: 0.9932, Avg Reg Loss: 0.411343
2025-08-20 23:17:42,558 [INFO] Epoch 27/60 - Val Loss: 0.1188
2025-08-20 23:22:09,462 [INFO] Starting training with args: {'model': 'enhanced', 'difficulty': 'hard', 'seed': 3, 'F': 52, 'T': 128, 'num_classes': 8, 'epochs': 60, 'batch': 256, 'n_samples': 3000, 'early_metric': 'macro_f1', 'patience': 10, 'ckpt_dir': 'checkpoints/', 'logit_l2': 0.1, 'sc_corr_rho': 0.8, 'env_burst_rate': 0.2, 'gain_drift_std': 1.0, 'class_overlap': 0.98, 'temp_mode': 'logspace', 'temp_min': 0.2, 'temp_max': 5.0, 'temp_steps': 100, 'val_split': 0.5, 'fixed_temp': 1.0, 'label_noise_prob': 0.25, 'cache_dir': 'cache/synth_data_d5scarce', 'amp': True, 'save_ckpt': 'final', 'num_workers_override': 2, 'prefetch_factor': 2, 'val_every': 3, 'out_json': '../WiFi-CSI-Sensing-Results/results_gpu/d5_2\\paperA_enhanced_hard_s3.json', 'log_dir': ''}
2025-08-20 23:22:09,462 [INFO] Logs saved to: E:\WiFi-CSI-Project\WiFi-CSI-Sensing-Results\results_gpu\d5_2\logs\paperA_enhanced_hard_s3.log
2025-08-20 23:22:09,506 [INFO] Using device: cuda
2025-08-20 23:22:09,532 [INFO] Dataset: Train=2100, Val=450, Test=450
2025-08-20 23:22:09,533 [INFO] DataLoader: num_workers=2, pin_memory=True
2025-08-20 23:22:09,682 [INFO] Model: enhanced with 640713 params
2025-08-20 23:23:08,472 [INFO] Epoch 3/60 - Val Loss: 3.3997
2025-08-20 23:23:51,670 [INFO] Epoch 5/60 - Train Loss: 0.7095, Val Loss: nan, Val macro_f1: 0.2780, Avg Reg Loss: 0.433952
2025-08-20 23:24:20,198 [INFO] Epoch 6/60 - Val Loss: 1.0677
2025-08-20 23:25:31,824 [INFO] Epoch 9/60 - Val Loss: 0.1646
2025-08-20 23:26:00,400 [INFO] Epoch 10/60 - Train Loss: 0.6687, Val Loss: nan, Val macro_f1: 0.9843, Avg Reg Loss: 0.409495
2025-08-20 23:26:40,477 [INFO] Epoch 12/60 - Val Loss: 0.1569
2025-08-20 23:27:52,190 [INFO] Epoch 15/60 - Val Loss: 0.1301
2025-08-20 23:28:12,319 [INFO] Epoch 15/60 - Train Loss: 0.5491, Val Loss: 0.1301, Val macro_f1: 0.9932, Avg Reg Loss: 0.410262
2025-08-20 23:29:03,934 [INFO] Epoch 18/60 - Val Loss: 0.1251
2025-08-20 23:29:44,071 [INFO] Epoch 20/60 - Train Loss: 0.5230, Val Loss: nan, Val macro_f1: 0.9955, Avg Reg Loss: 0.400722
2025-08-20 23:30:12,662 [INFO] Epoch 21/60 - Val Loss: 0.1261
2025-08-20 23:31:24,302 [INFO] Epoch 24/60 - Val Loss: 0.1347
2025-08-20 23:31:53,194 [INFO] Epoch 25/60 - Train Loss: 0.5731, Val Loss: nan, Val macro_f1: 0.9955, Avg Reg Loss: 0.417242
2025-08-20 23:32:33,437 [INFO] Epoch 27/60 - Val Loss: 0.2165
2025-08-20 23:33:05,198 [INFO] Early stopping at epoch 28
2025-08-20 23:33:25,368 [INFO] Collected test logits and targets
2025-08-20 23:33:25,418 [INFO] Calibration: T=0.6447, Details={'temperature': 0.6447209715843201, 'best_nll': 0.2496253103017807, 'method': 'logspace'}
2025-08-20 23:33:25,544 [INFO] Saved full results to ../WiFi-CSI-Sensing-Results/results_gpu/d5_2\paperA_enhanced_hard_s3.json
2025-08-20 23:33:25,556 [INFO] Final model saved to checkpoints/final_enhanced_3_hard.pth
2025-08-20 23:33:25,558 [INFO] Updated registry: results\registry.csv
