2025-08-20 23:49:40,448 [INFO] Starting training with args: {'model': 'bilstm', 'difficulty': 'hard', 'seed': 1, 'F': 52, 'T': 128, 'num_classes': 8, 'epochs': 60, 'batch': 256, 'n_samples': 3000, 'early_metric': 'macro_f1', 'patience': 10, 'ckpt_dir': 'checkpoints/', 'logit_l2': 0.1, 'sc_corr_rho': 0.8, 'env_burst_rate': 0.2, 'gain_drift_std': 1.0, 'class_overlap': 0.98, 'temp_mode': 'logspace', 'temp_min': 0.2, 'temp_max': 5.0, 'temp_steps': 100, 'val_split': 0.5, 'fixed_temp': 1.0, 'label_noise_prob': 0.25, 'cache_dir': 'cache/synth_data_d5scarce', 'amp': True, 'save_ckpt': 'final', 'num_workers_override': 2, 'prefetch_factor': 2, 'val_every': 3, 'out_json': '../WiFi-CSI-Sensing-Results/results_gpu/d5_2\\paperA_bilstm_hard_s1.json', 'log_dir': ''}
2025-08-20 23:49:40,448 [INFO] Logs saved to: E:\WiFi-CSI-Project\WiFi-CSI-Sensing-Results\results_gpu\d5_2\logs\paperA_bilstm_hard_s1.log
2025-08-20 23:49:40,475 [INFO] Using device: cuda
2025-08-20 23:49:40,501 [INFO] Dataset: Train=2100, Val=450, Test=450
2025-08-20 23:49:40,501 [INFO] DataLoader: num_workers=2, pin_memory=True
2025-08-20 23:49:40,759 [INFO] Model: bilstm with 583688 params
2025-08-20 23:49:49,278 [INFO] Epoch 3/60 - Val Loss: 1.6140
2025-08-20 23:49:51,426 [INFO] Epoch 5/60 - Train Loss: 1.6721, Val Loss: nan, Val macro_f1: 0.1830, Avg Reg Loss: 0.239186
2025-08-20 23:49:53,506 [INFO] Epoch 6/60 - Val Loss: 1.5104
2025-08-20 23:49:57,962 [INFO] Epoch 9/60 - Val Loss: 1.1788
2025-08-20 23:50:00,084 [INFO] Epoch 10/60 - Train Loss: 1.4333, Val Loss: nan, Val macro_f1: 0.4613, Avg Reg Loss: 0.316211
2025-08-20 23:50:02,585 [INFO] Epoch 12/60 - Val Loss: 1.1385
2025-08-20 23:50:06,622 [INFO] Epoch 15/60 - Val Loss: 1.1557
2025-08-20 23:50:06,685 [INFO] Epoch 15/60 - Train Loss: 1.3778, Val Loss: 1.1557, Val macro_f1: 0.4884, Avg Reg Loss: 0.334037
2025-08-20 23:50:10,772 [INFO] Epoch 18/60 - Val Loss: 1.0764
2025-08-20 23:50:13,227 [INFO] Epoch 20/60 - Train Loss: 1.3371, Val Loss: nan, Val macro_f1: 0.5460, Avg Reg Loss: 0.330248
2025-08-20 23:50:15,331 [INFO] Epoch 21/60 - Val Loss: 1.1508
2025-08-20 23:50:19,849 [INFO] Epoch 24/60 - Val Loss: 1.0893
2025-08-20 23:50:21,940 [INFO] Epoch 25/60 - Train Loss: 1.2905, Val Loss: nan, Val macro_f1: 0.5460, Avg Reg Loss: 0.323559
2025-08-20 23:50:24,513 [INFO] Epoch 27/60 - Val Loss: 1.0530
2025-08-20 23:50:26,627 [INFO] Early stopping at epoch 28
2025-08-20 23:50:28,013 [INFO] Collected test logits and targets
2025-08-20 23:50:28,058 [INFO] Calibration: T=0.7836, Details={'temperature': 0.7836018204689026, 'best_nll': 1.0228421688079834, 'method': 'logspace'}
2025-08-20 23:50:28,192 [INFO] Saved full results to ../WiFi-CSI-Sensing-Results/results_gpu/d5_2\paperA_bilstm_hard_s1.json
2025-08-20 23:50:28,199 [INFO] Final model saved to checkpoints/final_bilstm_1_hard.pth
2025-08-20 23:50:28,200 [INFO] Updated registry: results\registry.csv
