2025-08-20 23:53:06,215 [INFO] Starting training with args: {'model': 'conformer_lite', 'difficulty': 'hard', 'seed': 0, 'F': 52, 'T': 128, 'num_classes': 8, 'epochs': 60, 'batch': 256, 'n_samples': 3000, 'early_metric': 'macro_f1', 'patience': 10, 'ckpt_dir': 'checkpoints/', 'logit_l2': 0.1, 'sc_corr_rho': 0.8, 'env_burst_rate': 0.2, 'gain_drift_std': 1.0, 'class_overlap': 0.98, 'temp_mode': 'logspace', 'temp_min': 0.2, 'temp_max': 5.0, 'temp_steps': 100, 'val_split': 0.5, 'fixed_temp': 1.0, 'label_noise_prob': 0.25, 'cache_dir': 'cache/synth_data_d5scarce', 'amp': True, 'save_ckpt': 'final', 'num_workers_override': 2, 'prefetch_factor': 2, 'val_every': 3, 'out_json': '../WiFi-CSI-Sensing-Results/results_gpu/d5_2\\paperA_conformer_lite_hard_s0.json', 'log_dir': ''}
2025-08-20 23:53:06,215 [INFO] Logs saved to: E:\WiFi-CSI-Project\WiFi-CSI-Sensing-Results\results_gpu\d5_2\logs\paperA_conformer_lite_hard_s0.log
2025-08-20 23:53:06,246 [INFO] Using device: cuda
2025-08-20 23:53:06,270 [INFO] Dataset: Train=2100, Val=450, Test=450
2025-08-20 23:53:06,271 [INFO] DataLoader: num_workers=2, pin_memory=True
2025-08-20 23:53:06,601 [INFO] Model: conformer_lite with 1721008 params
2025-08-20 23:53:20,345 [INFO] Epoch 3/60 - Val Loss: 3.2712
2025-08-20 23:53:24,871 [INFO] Epoch 5/60 - Train Loss: 0.8681, Val Loss: nan, Val macro_f1: 0.1071, Avg Reg Loss: 0.469177
2025-08-20 23:53:27,082 [INFO] Epoch 6/60 - Val Loss: 1.6959
2025-08-20 23:53:33,839 [INFO] Epoch 9/60 - Val Loss: 1.4514
2025-08-20 23:53:36,276 [INFO] Epoch 10/60 - Train Loss: 0.6475, Val Loss: nan, Val macro_f1: 0.4514, Avg Reg Loss: 0.429488
2025-08-20 23:53:40,834 [INFO] Epoch 12/60 - Val Loss: 0.2380
2025-08-20 23:53:48,801 [INFO] Epoch 15/60 - Val Loss: 0.1485
2025-08-20 23:53:48,897 [INFO] Epoch 15/60 - Train Loss: 0.6159, Val Loss: 0.1485, Val macro_f1: 0.9682, Avg Reg Loss: 0.401194
2025-08-20 23:53:54,113 [INFO] Epoch 18/60 - Val Loss: 0.2912
2025-08-20 23:53:58,483 [INFO] Epoch 20/60 - Train Loss: 0.5340, Val Loss: nan, Val macro_f1: 0.9682, Avg Reg Loss: 0.402665
2025-08-20 23:54:00,703 [INFO] Epoch 21/60 - Val Loss: 0.9126
2025-08-20 23:54:07,443 [INFO] Epoch 24/60 - Val Loss: 0.3666
2025-08-20 23:54:11,200 [INFO] Early stopping at epoch 25
2025-08-20 23:54:11,296 [INFO] Collected test logits and targets
2025-08-20 23:54:11,341 [INFO] Calibration: T=0.5848, Details={'temperature': 0.5848035216331482, 'best_nll': 0.07571926712989807, 'method': 'logspace'}
2025-08-20 23:54:11,469 [INFO] Saved full results to ../WiFi-CSI-Sensing-Results/results_gpu/d5_2\paperA_conformer_lite_hard_s0.json
2025-08-20 23:54:11,483 [INFO] Final model saved to checkpoints/final_conformer_lite_0_hard.pth
2025-08-20 23:54:11,483 [INFO] Updated registry: results\registry.csv
