2025-08-20 23:51:09,477 [INFO] Starting training with args: {'model': 'bilstm', 'difficulty': 'hard', 'seed': 3, 'F': 52, 'T': 128, 'num_classes': 8, 'epochs': 60, 'batch': 256, 'n_samples': 3000, 'early_metric': 'macro_f1', 'patience': 10, 'ckpt_dir': 'checkpoints/', 'logit_l2': 0.1, 'sc_corr_rho': 0.8, 'env_burst_rate': 0.2, 'gain_drift_std': 1.0, 'class_overlap': 0.98, 'temp_mode': 'logspace', 'temp_min': 0.2, 'temp_max': 5.0, 'temp_steps': 100, 'val_split': 0.5, 'fixed_temp': 1.0, 'label_noise_prob': 0.25, 'cache_dir': 'cache/synth_data_d5scarce', 'amp': True, 'save_ckpt': 'final', 'num_workers_override': 2, 'prefetch_factor': 2, 'val_every': 3, 'out_json': '../WiFi-CSI-Sensing-Results/results_gpu/d5_2\\paperA_bilstm_hard_s3.json', 'log_dir': ''}
2025-08-20 23:51:09,478 [INFO] Logs saved to: E:\WiFi-CSI-Project\WiFi-CSI-Sensing-Results\results_gpu\d5_2\logs\paperA_bilstm_hard_s3.log
2025-08-20 23:51:09,517 [INFO] Using device: cuda
2025-08-20 23:51:09,544 [INFO] Dataset: Train=2100, Val=450, Test=450
2025-08-20 23:51:09,545 [INFO] DataLoader: num_workers=2, pin_memory=True
2025-08-20 23:51:09,779 [INFO] Model: bilstm with 583688 params
2025-08-20 23:51:16,639 [INFO] Epoch 3/60 - Val Loss: 1.5881
2025-08-20 23:51:18,781 [INFO] Epoch 5/60 - Train Loss: 1.6087, Val Loss: nan, Val macro_f1: 0.2333, Avg Reg Loss: 0.299884
2025-08-20 23:51:20,862 [INFO] Epoch 6/60 - Val Loss: 1.1822
2025-08-20 23:51:25,139 [INFO] Epoch 9/60 - Val Loss: 1.0635
2025-08-20 23:51:27,223 [INFO] Epoch 10/60 - Train Loss: 1.3726, Val Loss: nan, Val macro_f1: 0.5902, Avg Reg Loss: 0.333298
2025-08-20 23:51:29,716 [INFO] Epoch 12/60 - Val Loss: 1.1374
2025-08-20 23:51:33,801 [INFO] Epoch 15/60 - Val Loss: 1.1183
2025-08-20 23:51:33,865 [INFO] Epoch 15/60 - Train Loss: 1.3843, Val Loss: 1.1183, Val macro_f1: 0.5315, Avg Reg Loss: 0.332037
2025-08-20 23:51:38,032 [INFO] Epoch 18/60 - Val Loss: 1.0279
2025-08-20 23:51:39,828 [INFO] Early stopping at epoch 19
2025-08-20 23:51:40,316 [INFO] Collected test logits and targets
2025-08-20 23:51:40,359 [INFO] Calibration: T=1.0847, Details={'temperature': 1.0846797227859497, 'best_nll': 1.2875994443893433, 'method': 'logspace'}
2025-08-20 23:51:40,492 [INFO] Saved full results to ../WiFi-CSI-Sensing-Results/results_gpu/d5_2\paperA_bilstm_hard_s3.json
2025-08-20 23:51:40,498 [INFO] Final model saved to checkpoints/final_bilstm_3_hard.pth
2025-08-20 23:51:40,499 [INFO] Updated registry: results\registry.csv
