2025-08-20 22:56:16,008 [INFO] Starting training with args: {'model': 'enhanced', 'difficulty': 'hard', 'seed': 2, 'F': 52, 'T': 128, 'num_classes': 8, 'epochs': 60, 'batch': 256, 'n_samples': 3000, 'early_metric': 'macro_f1', 'patience': 10, 'ckpt_dir': 'checkpoints/', 'logit_l2': 0.1, 'sc_corr_rho': 0.8, 'env_burst_rate': 0.2, 'gain_drift_std': 1.0, 'class_overlap': 0.98, 'temp_mode': 'logspace', 'temp_min': 0.2, 'temp_max': 5.0, 'temp_steps': 100, 'val_split': 0.5, 'fixed_temp': 1.0, 'label_noise_prob': 0.25, 'cache_dir': 'cache/synth_data_d5scarce', 'amp': True, 'save_ckpt': 'final', 'num_workers_override': 2, 'prefetch_factor': 2, 'val_every': 3, 'out_json': '../WiFi-CSI-Sensing-Results/results_gpu/d5_2\\paperA_enhanced_hard_s2.json', 'log_dir': ''}
2025-08-20 22:56:16,010 [INFO] Logs saved to: E:\WiFi-CSI-Project\WiFi-CSI-Sensing-Results\results_gpu\d5_2\logs\paperA_enhanced_hard_s2.log
2025-08-20 22:56:16,047 [INFO] Using device: cuda
2025-08-20 22:56:39,061 [INFO] Dataset: Train=2100, Val=450, Test=450
2025-08-20 22:56:39,061 [INFO] DataLoader: num_workers=2, pin_memory=True
2025-08-20 22:56:39,285 [INFO] Model: enhanced with 640713 params
2025-08-20 22:57:37,624 [INFO] Epoch 3/60 - Val Loss: 3.3298
2025-08-20 22:58:14,076 [INFO] Epoch 5/60 - Train Loss: 0.7480, Val Loss: nan, Val macro_f1: 0.1333, Avg Reg Loss: 0.437883
2025-08-20 22:58:42,482 [INFO] Epoch 6/60 - Val Loss: 0.4894
2025-08-20 22:59:47,434 [INFO] Epoch 9/60 - Val Loss: 0.2247
2025-08-20 23:00:15,872 [INFO] Epoch 10/60 - Train Loss: 0.6606, Val Loss: nan, Val macro_f1: 0.9621, Avg Reg Loss: 0.420997
2025-08-20 23:00:52,293 [INFO] Epoch 12/60 - Val Loss: 0.1358
2025-08-20 23:01:57,025 [INFO] Epoch 15/60 - Val Loss: 0.1181
2025-08-20 23:02:17,484 [INFO] Epoch 15/60 - Train Loss: 0.5441, Val Loss: 0.1181, Val macro_f1: 0.9975, Avg Reg Loss: 0.412596
2025-08-20 23:03:02,326 [INFO] Epoch 18/60 - Val Loss: 0.1193
2025-08-20 23:03:58,489 [INFO] Epoch 20/60 - Train Loss: 0.5612, Val Loss: nan, Val macro_f1: 0.9975, Avg Reg Loss: 0.409058
2025-08-20 23:04:27,229 [INFO] Epoch 21/60 - Val Loss: 0.1168
2025-08-20 23:05:40,329 [INFO] Epoch 24/60 - Val Loss: 0.1080
2025-08-20 23:06:08,688 [INFO] Early stopping at epoch 25
2025-08-20 23:06:29,212 [INFO] Collected test logits and targets
2025-08-20 23:06:29,258 [INFO] Calibration: T=0.4971, Details={'temperature': 0.49705788493156433, 'best_nll': 0.024663887917995453, 'method': 'logspace'}
2025-08-20 23:06:29,383 [INFO] Saved full results to ../WiFi-CSI-Sensing-Results/results_gpu/d5_2\paperA_enhanced_hard_s2.json
2025-08-20 23:06:29,391 [INFO] Final model saved to checkpoints/final_enhanced_2_hard.pth
2025-08-20 23:06:29,392 [INFO] Updated registry: results\registry.csv
