2025-08-20 23:33:31,520 [INFO] Starting training with args: {'model': 'enhanced', 'difficulty': 'hard', 'seed': 4, 'F': 52, 'T': 128, 'num_classes': 8, 'epochs': 60, 'batch': 256, 'n_samples': 3000, 'early_metric': 'macro_f1', 'patience': 10, 'ckpt_dir': 'checkpoints/', 'logit_l2': 0.1, 'sc_corr_rho': 0.8, 'env_burst_rate': 0.2, 'gain_drift_std': 1.0, 'class_overlap': 0.98, 'temp_mode': 'logspace', 'temp_min': 0.2, 'temp_max': 5.0, 'temp_steps': 100, 'val_split': 0.5, 'fixed_temp': 1.0, 'label_noise_prob': 0.25, 'cache_dir': 'cache/synth_data_d5scarce', 'amp': True, 'save_ckpt': 'final', 'num_workers_override': 2, 'prefetch_factor': 2, 'val_every': 3, 'out_json': '../WiFi-CSI-Sensing-Results/results_gpu/d5_2\\paperA_enhanced_hard_s4.json', 'log_dir': ''}
2025-08-20 23:33:31,520 [INFO] Logs saved to: E:\WiFi-CSI-Project\WiFi-CSI-Sensing-Results\results_gpu\d5_2\logs\paperA_enhanced_hard_s4.log
2025-08-20 23:33:31,617 [INFO] Using device: cuda
2025-08-20 23:33:31,644 [INFO] Dataset: Train=2100, Val=450, Test=450
2025-08-20 23:33:31,644 [INFO] DataLoader: num_workers=2, pin_memory=True
2025-08-20 23:33:31,869 [INFO] Model: enhanced with 640713 params
2025-08-20 23:34:43,239 [INFO] Epoch 3/60 - Val Loss: 3.8724
2025-08-20 23:35:35,641 [INFO] Epoch 5/60 - Train Loss: 0.7589, Val Loss: nan, Val macro_f1: 0.2250, Avg Reg Loss: 0.442968
2025-08-20 23:36:15,353 [INFO] Epoch 6/60 - Val Loss: 0.5916
2025-08-20 23:37:50,561 [INFO] Epoch 9/60 - Val Loss: 0.1966
2025-08-20 23:38:30,658 [INFO] Epoch 10/60 - Train Loss: 0.5695, Val Loss: nan, Val macro_f1: 0.9695, Avg Reg Loss: 0.414407
2025-08-20 23:39:22,551 [INFO] Epoch 12/60 - Val Loss: 0.1521
2025-08-20 23:40:57,742 [INFO] Epoch 15/60 - Val Loss: 0.1454
2025-08-20 23:41:22,444 [INFO] Epoch 15/60 - Train Loss: 0.5596, Val Loss: 0.1454, Val macro_f1: 0.9792, Avg Reg Loss: 0.412835
2025-08-20 23:42:30,269 [INFO] Epoch 18/60 - Val Loss: 0.1453
2025-08-20 23:43:25,560 [INFO] Epoch 20/60 - Train Loss: 0.5348, Val Loss: nan, Val macro_f1: 0.9910, Avg Reg Loss: 0.409202
2025-08-20 23:44:05,969 [INFO] Epoch 21/60 - Val Loss: 0.1244
2025-08-20 23:45:38,178 [INFO] Epoch 24/60 - Val Loss: 0.2133
2025-08-20 23:46:18,409 [INFO] Epoch 25/60 - Train Loss: 0.5633, Val Loss: nan, Val macro_f1: 0.9910, Avg Reg Loss: 0.399207
2025-08-20 23:47:13,452 [INFO] Epoch 27/60 - Val Loss: 0.1511
2025-08-20 23:47:53,545 [INFO] Early stopping at epoch 28
2025-08-20 23:48:21,491 [INFO] Collected test logits and targets
2025-08-20 23:48:21,533 [INFO] Calibration: T=0.4971, Details={'temperature': 0.49705788493156433, 'best_nll': 0.06756617873907089, 'method': 'logspace'}
2025-08-20 23:48:21,659 [INFO] Saved full results to ../WiFi-CSI-Sensing-Results/results_gpu/d5_2\paperA_enhanced_hard_s4.json
2025-08-20 23:48:21,667 [INFO] Final model saved to checkpoints/final_enhanced_4_hard.pth
2025-08-20 23:48:21,668 [INFO] Updated registry: results\registry.csv
