2025-08-20 23:55:33,790 [INFO] Starting training with args: {'model': 'conformer_lite', 'difficulty': 'hard', 'seed': 2, 'F': 52, 'T': 128, 'num_classes': 8, 'epochs': 60, 'batch': 256, 'n_samples': 3000, 'early_metric': 'macro_f1', 'patience': 10, 'ckpt_dir': 'checkpoints/', 'logit_l2': 0.1, 'sc_corr_rho': 0.8, 'env_burst_rate': 0.2, 'gain_drift_std': 1.0, 'class_overlap': 0.98, 'temp_mode': 'logspace', 'temp_min': 0.2, 'temp_max': 5.0, 'temp_steps': 100, 'val_split': 0.5, 'fixed_temp': 1.0, 'label_noise_prob': 0.25, 'cache_dir': 'cache/synth_data_d5scarce', 'amp': True, 'save_ckpt': 'final', 'num_workers_override': 2, 'prefetch_factor': 2, 'val_every': 3, 'out_json': '../WiFi-CSI-Sensing-Results/results_gpu/d5_2\\paperA_conformer_lite_hard_s2.json', 'log_dir': ''}
2025-08-20 23:55:33,791 [INFO] Logs saved to: E:\WiFi-CSI-Project\WiFi-CSI-Sensing-Results\results_gpu\d5_2\logs\paperA_conformer_lite_hard_s2.log
2025-08-20 23:55:33,825 [INFO] Using device: cuda
2025-08-20 23:55:33,850 [INFO] Dataset: Train=2100, Val=450, Test=450
2025-08-20 23:55:33,852 [INFO] DataLoader: num_workers=2, pin_memory=True
2025-08-20 23:55:34,086 [INFO] Model: conformer_lite with 1721008 params
2025-08-20 23:55:45,641 [INFO] Epoch 3/60 - Val Loss: 3.6286
2025-08-20 23:55:49,943 [INFO] Epoch 5/60 - Train Loss: 0.8382, Val Loss: nan, Val macro_f1: 0.1140, Avg Reg Loss: 0.457785
2025-08-20 23:55:52,134 [INFO] Epoch 6/60 - Val Loss: 1.8034
2025-08-20 23:55:58,773 [INFO] Epoch 9/60 - Val Loss: 0.3141
2025-08-20 23:56:02,322 [INFO] Epoch 10/60 - Train Loss: 0.6698, Val Loss: nan, Val macro_f1: 0.9014, Avg Reg Loss: 0.441009
2025-08-20 23:56:06,790 [INFO] Epoch 12/60 - Val Loss: 0.3000
2025-08-20 23:56:13,453 [INFO] Epoch 15/60 - Val Loss: 0.4109
2025-08-20 23:56:13,549 [INFO] Epoch 15/60 - Train Loss: 0.5611, Val Loss: 0.4109, Val macro_f1: 0.8384, Avg Reg Loss: 0.408438
2025-08-20 23:56:20,089 [INFO] Epoch 18/60 - Val Loss: 0.1248
2025-08-20 23:56:24,571 [INFO] Epoch 20/60 - Train Loss: 0.6100, Val Loss: nan, Val macro_f1: 0.9859, Avg Reg Loss: 0.408583
2025-08-20 23:56:26,943 [INFO] Epoch 21/60 - Val Loss: 1.9335
2025-08-20 23:56:34,902 [INFO] Epoch 24/60 - Val Loss: 0.6251
2025-08-20 23:56:35,903 [INFO] Epoch 25/60 - Train Loss: 0.5389, Val Loss: nan, Val macro_f1: 0.9859, Avg Reg Loss: 0.405274
2025-08-20 23:56:40,136 [INFO] Epoch 27/60 - Val Loss: 0.1216
2025-08-20 23:56:42,343 [INFO] Early stopping at epoch 28
2025-08-20 23:56:43,810 [INFO] Collected test logits and targets
2025-08-20 23:56:43,855 [INFO] Calibration: T=0.8924, Details={'temperature': 0.8924376368522644, 'best_nll': 0.3907603323459625, 'method': 'logspace'}
2025-08-20 23:56:44,212 [INFO] Saved full results to ../WiFi-CSI-Sensing-Results/results_gpu/d5_2\paperA_conformer_lite_hard_s2.json
2025-08-20 23:56:44,225 [INFO] Final model saved to checkpoints/final_conformer_lite_2_hard.pth
2025-08-20 23:56:44,225 [INFO] Updated registry: results\registry.csv
